\BOOKMARK [0][-]{chapter.1}{\376\377\0001\000\040\000m\000a\000i\000n\000p\000a\000g\000e\0002\000\040}{}% 1
\BOOKMARK [1][-]{section.1.1}{\376\377\0001\000.\0001\000\040\000P\000e\000e\000r\000-\000t\000o\000-\000P\000e\000e\000r\000\040\000C\000h\000a\000t\000\040\040\023\000\040\000D\000o\000k\000u\000m\000e\000n\000t\000a\000t\000i\000o\000n}{chapter.1}% 2
\BOOKMARK [2][-]{subsection.1.1.1}{\376\377\0001\000.\0001\000.\0001\000\040\000P\000r\000o\000j\000e\000k\000t\000\374\000b\000e\000r\000b\000l\000i\000c\000k}{section.1.1}% 3
\BOOKMARK [3][-]{subsubsection.1.1.1.1}{\376\377\0001\000.\0001\000.\0001\000.\0001\000\040\000G\000r\000u\000p\000p\000e\000n\000m\000i\000t\000g\000l\000i\000e\000d\000e\000r}{subsection.1.1.1}% 4
\BOOKMARK [3][-]{subsubsection.1.1.1.2}{\376\377\0001\000.\0001\000.\0001\000.\0002\000\040\000A\000b\000g\000a\000b\000e\000d\000a\000t\000u\000m\000\040\000/\000\040\000S\000e\000m\000e\000s\000t\000e\000r\000\040\000/\000\040\000K\000u\000r\000s}{subsection.1.1.1}% 5
\BOOKMARK [2][-]{subsection.1.1.2}{\376\377\0001\000.\0001\000.\0002\000\040\000A\000r\000c\000h\000i\000t\000e\000k\000t\000u\000r}{section.1.1}% 6
\BOOKMARK [2][-]{subsection.1.1.3}{\376\377\0001\000.\0001\000.\0003\000\040\000V\000e\000r\000w\000e\000n\000d\000e\000t\000e\000\040\000T\000e\000c\000h\000n\000o\000l\000o\000g\000i\000e\000n\000\040\000\046\000\040\000T\000o\000o\000l\000s}{section.1.1}% 7
\BOOKMARK [2][-]{subsection.1.1.4}{\376\377\0001\000.\0001\000.\0004\000\040\000P\000r\000o\000t\000o\000k\000o\000l\000l\000\374\000b\000e\000r\000s\000i\000c\000h\000t\000\040\000\050\000S\000L\000C\000P\000\051}{section.1.1}% 8
\BOOKMARK [3][-]{subsubsection.1.1.4.1}{\376\377\0001\000.\0001\000.\0004\000.\0001\000\040\000A\000b\000l\000a\000u\000f\000\040\000b\000e\000i\000m\000\040\000A\000n\000m\000e\000l\000d\000e\000n\000\040\000i\000m\000\040\000C\000h\000a\000t}{subsection.1.1.4}% 9
\BOOKMARK [3][-]{subsubsection.1.1.4.2}{\376\377\0001\000.\0001\000.\0004\000.\0002\000\040\000A\000b\000l\000a\000u\000f\000\040\000b\000e\000i\000m\000\040\000A\000b\000m\000e\000l\000d\000e\000n\000\040\000a\000u\000s\000\040\000d\000e\000m\000\040\000C\000h\000a\000t}{subsection.1.1.4}% 10
\BOOKMARK [3][-]{subsubsection.1.1.4.3}{\376\377\0001\000.\0001\000.\0004\000.\0003\000\040\000A\000b\000l\000a\000u\000f\000\040\000b\000e\000i\000m\000\040\000A\000b\000f\000r\000a\000g\000e\000n\000\040\000u\000n\000d\000\040\000E\000m\000p\000f\000a\000n\000g\000e\000n\000\040\000d\000e\000r\000\040\000N\000u\000t\000z\000e\000r\000l\000i\000s\000t\000e}{subsection.1.1.4}% 11
\BOOKMARK [3][-]{subsubsection.1.1.4.4}{\376\377\0001\000.\0001\000.\0004\000.\0004\000\040\000A\000b\000l\000a\000u\000f\000\040\000b\000e\000i\000m\000\040\000S\000e\000n\000d\000e\000n\000\040\000e\000i\000n\000e\000r\000\040\000T\000e\000x\000t\000n\000a\000c\000h\000r\000i\000c\000h\000t}{subsection.1.1.4}% 12
\BOOKMARK [3][-]{subsubsection.1.1.4.5}{\376\377\0001\000.\0001\000.\0004\000.\0005\000\040\000A\000b\000l\000a\000u\000f\000\040\000b\000e\000i\000m\000\040\000S\000e\000n\000d\000e\000n\000\040\000e\000i\000n\000e\000s\000\040\000B\000i\000l\000d\000e\000s}{subsection.1.1.4}% 13
\BOOKMARK [3][-]{subsubsection.1.1.4.6}{\376\377\0001\000.\0001\000.\0004\000.\0006\000\040\000A\000u\000s\000g\000a\000b\000e\000-\000B\000e\000i\000s\000p\000i\000e\000l}{subsection.1.1.4}% 14
\BOOKMARK [2][-]{subsection.1.1.5}{\376\377\0001\000.\0001\000.\0005\000\040\000T\000e\000i\000l\000p\000r\000o\000b\000l\000e\000m\000e\000\040\000u\000n\000d\000\040\000L\000\366\000s\000u\000n\000g\000s\000a\000n\000s\000\344\000t\000z\000e\000\040\000\050\000F\000e\000h\000l\000e\000r\000a\000n\000a\000l\000y\000s\000e\000\051}{section.1.1}% 15
\BOOKMARK [3][-]{subsubsection.1.1.5.1}{\376\377\0001\000.\0001\000.\0005\000.\0001\000\040\000I\000n\000d\000e\000x\000E\000r\000r\000o\000r\000\040\000b\000e\000i\000m\000\040\000P\000a\000r\000s\000e\000n\000\040\000v\000o\000n\000\040\000B\000e\000n\000u\000t\000z\000e\000r\000d\000a\000t\000e\000n}{subsection.1.1.5}% 16
\BOOKMARK [3][-]{subsubsection.1.1.5.2}{\376\377\0001\000.\0001\000.\0005\000.\0002\000\040\000R\000e\000l\000a\000t\000i\000v\000e\000r\000\040\000B\000i\000l\000d\000p\000f\000a\000d\000\040\000u\000n\000d\000\040\000O\000r\000d\000n\000e\000r\000p\000r\000\374\000f\000u\000n\000g}{subsection.1.1.5}% 17
\BOOKMARK [3][-]{subsubsection.1.1.5.3}{\376\377\0001\000.\0001\000.\0005\000.\0003\000\040\000K\000o\000n\000s\000i\000s\000t\000e\000n\000t\000e\000\040\000C\000L\000I\000-\000B\000e\000f\000e\000h\000l\000e\000\040\000u\000n\000d\000\040\000H\000i\000l\000f\000e\000a\000n\000z\000e\000i\000g\000e}{subsection.1.1.5}% 18
\BOOKMARK [3][-]{subsubsection.1.1.5.4}{\376\377\0001\000.\0001\000.\0005\000.\0004\000\040\000F\000l\000e\000x\000i\000b\000l\000e\000r\000\040\000U\000m\000g\000a\000n\000g\000\040\000m\000i\000t\000\040\000P\000e\000e\000r\000-\000D\000a\000t\000e\000n\000\040\000\050\000J\000O\000I\000N\000/\000K\000N\000O\000W\000N\000U\000S\000E\000R\000S\000\051}{subsection.1.1.5}% 19
\BOOKMARK [3][-]{subsubsection.1.1.5.5}{\376\377\0001\000.\0001\000.\0005\000.\0005\000\040\000K\000o\000n\000s\000o\000l\000i\000d\000i\000e\000r\000u\000n\000g\000\040\000m\000e\000h\000r\000e\000r\000e\000r\000\040\000K\000N\000O\000W\000N\000U\000S\000E\000R\000S\000-\000A\000n\000t\000w\000o\000r\000t\000e\000n}{subsection.1.1.5}% 20
\BOOKMARK [3][-]{subsubsection.1.1.5.6}{\376\377\0001\000.\0001\000.\0005\000.\0006\000\040\000V\000e\000r\000b\000e\000s\000s\000e\000r\000t\000e\000\040\000A\000n\000z\000e\000i\000g\000e\000\040\000d\000e\000s\000\040\000A\000b\000s\000e\000n\000d\000e\000r\000s}{subsection.1.1.5}% 21
\BOOKMARK [3][-]{subsubsection.1.1.5.7}{\376\377\0001\000.\0001\000.\0005\000.\0007\000\040\000D\000o\000p\000p\000e\000l\000t\000e\000\040\000E\000i\000n\000t\000r\000\344\000g\000e\000\040\000i\000n\000\040\000W\000H\000O\000/\000K\000N\000O\000W\000N\000U\000S\000E\000R\000S\000-\000L\000i\000s\000t\000e}{subsection.1.1.5}% 22
\BOOKMARK [2][-]{subsection.1.1.6}{\376\377\0001\000.\0001\000.\0006\000\040\000B\000e\000d\000i\000e\000n\000u\000n\000g}{section.1.1}% 23
\BOOKMARK [0][-]{chapter.2}{\376\377\0002\000\040\000V\000e\000r\000z\000e\000i\000c\000h\000n\000i\000s\000\040\000d\000e\000r\000\040\000N\000a\000m\000e\000n\000s\000b\000e\000r\000e\000i\000c\000h\000e}{}% 24
\BOOKMARK [1][-]{section.2.1}{\376\377\0002\000.\0001\000\040\000L\000i\000s\000t\000e\000\040\000a\000l\000l\000e\000r\000\040\000N\000a\000m\000e\000n\000s\000b\000e\000r\000e\000i\000c\000h\000e}{chapter.2}% 25
\BOOKMARK [0][-]{chapter.3}{\376\377\0003\000\040\000H\000i\000e\000r\000a\000r\000c\000h\000i\000e\000-\000V\000e\000r\000z\000e\000i\000c\000h\000n\000i\000s}{}% 26
\BOOKMARK [1][-]{section.3.1}{\376\377\0003\000.\0001\000\040\000K\000l\000a\000s\000s\000e\000n\000h\000i\000e\000r\000a\000r\000c\000h\000i\000e}{chapter.3}% 27
\BOOKMARK [0][-]{chapter.4}{\376\377\0004\000\040\000K\000l\000a\000s\000s\000e\000n\000-\000V\000e\000r\000z\000e\000i\000c\000h\000n\000i\000s}{}% 28
\BOOKMARK [1][-]{section.4.1}{\376\377\0004\000.\0001\000\040\000A\000u\000f\000l\000i\000s\000t\000u\000n\000g\000\040\000d\000e\000r\000\040\000K\000l\000a\000s\000s\000e\000n}{chapter.4}% 29
\BOOKMARK [0][-]{chapter.5}{\376\377\0005\000\040\000D\000a\000t\000e\000i\000-\000V\000e\000r\000z\000e\000i\000c\000h\000n\000i\000s}{}% 30
\BOOKMARK [1][-]{section.5.1}{\376\377\0005\000.\0001\000\040\000A\000u\000f\000l\000i\000s\000t\000u\000n\000g\000\040\000d\000e\000r\000\040\000D\000a\000t\000e\000i\000e\000n}{chapter.5}% 31
\BOOKMARK [0][-]{chapter.6}{\376\377\0006\000\040\000D\000o\000k\000u\000m\000e\000n\000t\000a\000t\000i\000o\000n\000\040\000d\000e\000r\000\040\000N\000a\000m\000e\000n\000s\000b\000e\000r\000e\000i\000c\000h\000e}{}% 32
\BOOKMARK [1][-]{section.6.1}{\376\377\0006\000.\0001\000\040\000c\000o\000n\000f\000i\000g\000.\000c\000o\000n\000f\000i\000g\000-\000N\000a\000m\000e\000n\000s\000b\000e\000r\000e\000i\000c\000h\000s\000r\000e\000f\000e\000r\000e\000n\000z}{chapter.6}% 33
\BOOKMARK [2][-]{subsection.6.1.1}{\376\377\0006\000.\0001\000.\0001\000\040\000A\000u\000s\000f\000\374\000h\000r\000l\000i\000c\000h\000e\000\040\000B\000e\000s\000c\000h\000r\000e\000i\000b\000u\000n\000g}{section.6.1}% 34
\BOOKMARK [1][-]{section.6.2}{\376\377\0006\000.\0002\000\040\000d\000i\000s\000c\000o\000v\000e\000r\000y\000.\000d\000i\000s\000c\000o\000v\000e\000r\000y\000\137\000s\000e\000r\000v\000i\000c\000e\000-\000N\000a\000m\000e\000n\000s\000b\000e\000r\000e\000i\000c\000h\000s\000r\000e\000f\000e\000r\000e\000n\000z}{chapter.6}% 35
\BOOKMARK [2][-]{subsection.6.2.1}{\376\377\0006\000.\0002\000.\0001\000\040\000A\000u\000s\000f\000\374\000h\000r\000l\000i\000c\000h\000e\000\040\000B\000e\000s\000c\000h\000r\000e\000i\000b\000u\000n\000g}{section.6.2}% 36
\BOOKMARK [2][-]{subsection.6.2.2}{\376\377\0006\000.\0002\000.\0002\000\040\000D\000o\000k\000u\000m\000e\000n\000t\000a\000t\000i\000o\000n\000\040\000d\000e\000r\000\040\000F\000u\000n\000k\000t\000i\000o\000n\000e\000n}{section.6.2}% 37
\BOOKMARK [3][-]{subsubsection.6.2.2.1}{\376\377\0006\000.\0002\000.\0002\000.\0001\000\040\000i\000s\000\137\000p\000o\000r\000t\000\137\000i\000n\000\137\000u\000s\000e\000\050\000\051}{subsection.6.2.2}% 38
\BOOKMARK [1][-]{section.6.3}{\376\377\0006\000.\0003\000\040\000i\000n\000t\000e\000r\000f\000a\000c\000e\000-\000N\000a\000m\000e\000n\000s\000b\000e\000r\000e\000i\000c\000h\000s\000r\000e\000f\000e\000r\000e\000n\000z}{chapter.6}% 39
\BOOKMARK [2][-]{subsection.6.3.1}{\376\377\0006\000.\0003\000.\0001\000\040\000A\000u\000s\000f\000\374\000h\000r\000l\000i\000c\000h\000e\000\040\000B\000e\000s\000c\000h\000r\000e\000i\000b\000u\000n\000g}{section.6.3}% 40
\BOOKMARK [1][-]{section.6.4}{\376\377\0006\000.\0004\000\040\000m\000a\000i\000n\000-\000N\000a\000m\000e\000n\000s\000b\000e\000r\000e\000i\000c\000h\000s\000r\000e\000f\000e\000r\000e\000n\000z}{chapter.6}% 41
\BOOKMARK [2][-]{subsection.6.4.1}{\376\377\0006\000.\0004\000.\0001\000\040\000A\000u\000s\000f\000\374\000h\000r\000l\000i\000c\000h\000e\000\040\000B\000e\000s\000c\000h\000r\000e\000i\000b\000u\000n\000g}{section.6.4}% 42
\BOOKMARK [2][-]{subsection.6.4.2}{\376\377\0006\000.\0004\000.\0002\000\040\000D\000o\000k\000u\000m\000e\000n\000t\000a\000t\000i\000o\000n\000\040\000d\000e\000r\000\040\000F\000u\000n\000k\000t\000i\000o\000n\000e\000n}{section.6.4}% 43
\BOOKMARK [3][-]{subsubsection.6.4.2.1}{\376\377\0006\000.\0004\000.\0002\000.\0001\000\040\000m\000a\000i\000n\000\050\000\051}{subsection.6.4.2}% 44
\BOOKMARK [1][-]{section.6.5}{\376\377\0006\000.\0005\000\040\000n\000e\000t\000w\000o\000r\000k\000.\000m\000e\000s\000s\000e\000n\000g\000e\000r\000-\000N\000a\000m\000e\000n\000s\000b\000e\000r\000e\000i\000c\000h\000s\000r\000e\000f\000e\000r\000e\000n\000z}{chapter.6}% 45
\BOOKMARK [2][-]{subsection.6.5.1}{\376\377\0006\000.\0005\000.\0001\000\040\000A\000u\000s\000f\000\374\000h\000r\000l\000i\000c\000h\000e\000\040\000B\000e\000s\000c\000h\000r\000e\000i\000b\000u\000n\000g}{section.6.5}% 46
\BOOKMARK [0][-]{chapter.7}{\376\377\0007\000\040\000K\000l\000a\000s\000s\000e\000n\000-\000D\000o\000k\000u\000m\000e\000n\000t\000a\000t\000i\000o\000n}{}% 47
\BOOKMARK [1][-]{section.7.1}{\376\377\0007\000.\0001\000\040\000c\000o\000n\000f\000i\000g\000.\000c\000o\000n\000f\000i\000g\000.\000C\000o\000n\000f\000i\000g\000\040\000K\000l\000a\000s\000s\000e\000n\000r\000e\000f\000e\000r\000e\000n\000z}{chapter.7}% 48
\BOOKMARK [2][-]{subsection.7.1.1}{\376\377\0007\000.\0001\000.\0001\000\040\000A\000u\000s\000f\000\374\000h\000r\000l\000i\000c\000h\000e\000\040\000B\000e\000s\000c\000h\000r\000e\000i\000b\000u\000n\000g}{section.7.1}% 49
\BOOKMARK [2][-]{subsection.7.1.2}{\376\377\0007\000.\0001\000.\0002\000\040\000B\000e\000s\000c\000h\000r\000e\000i\000b\000u\000n\000g\000\040\000d\000e\000r\000\040\000K\000o\000n\000s\000t\000r\000u\000k\000t\000o\000r\000e\000n\000\040\000u\000n\000d\000\040\000D\000e\000s\000t\000r\000u\000k\000t\000o\000r\000e\000n}{section.7.1}% 50
\BOOKMARK [3][-]{subsubsection.7.1.2.1}{\376\377\0007\000.\0001\000.\0002\000.\0001\000\040\000\137\000\137\000i\000n\000i\000t\000\137\000\137\000\050\000\051}{subsection.7.1.2}% 51
\BOOKMARK [2][-]{subsection.7.1.3}{\376\377\0007\000.\0001\000.\0003\000\040\000D\000o\000k\000u\000m\000e\000n\000t\000a\000t\000i\000o\000n\000\040\000d\000e\000r\000\040\000E\000l\000e\000m\000e\000n\000t\000f\000u\000n\000k\000t\000i\000o\000n\000e\000n}{section.7.1}% 52
\BOOKMARK [3][-]{subsubsection.7.1.3.1}{\376\377\0007\000.\0001\000.\0003\000.\0001\000\040\000\137\000s\000e\000t\000u\000p\000\137\000i\000m\000a\000g\000e\000p\000a\000t\000h\000\050\000\051}{subsection.7.1.3}% 53
\BOOKMARK [3][-]{subsubsection.7.1.3.2}{\376\377\0007\000.\0001\000.\0003\000.\0002\000\040\000l\000o\000a\000d\000\050\000\051}{subsection.7.1.3}% 54
\BOOKMARK [3][-]{subsubsection.7.1.3.3}{\376\377\0007\000.\0001\000.\0003\000.\0003\000\040\000s\000a\000v\000e\000\050\000\051}{subsection.7.1.3}% 55
\BOOKMARK [1][-]{section.7.2}{\376\377\0007\000.\0002\000\040\000d\000i\000s\000c\000o\000v\000e\000r\000y\000.\000d\000i\000s\000c\000o\000v\000e\000r\000y\000\137\000s\000e\000r\000v\000i\000c\000e\000.\000D\000i\000s\000c\000o\000v\000e\000r\000y\000S\000e\000r\000v\000i\000c\000e\000\040\000K\000l\000a\000s\000s\000e\000n\000r\000e\000f\000e\000r\000e\000n\000z}{chapter.7}% 56
\BOOKMARK [2][-]{subsection.7.2.1}{\376\377\0007\000.\0002\000.\0001\000\040\000A\000u\000s\000f\000\374\000h\000r\000l\000i\000c\000h\000e\000\040\000B\000e\000s\000c\000h\000r\000e\000i\000b\000u\000n\000g}{section.7.2}% 57
\BOOKMARK [2][-]{subsection.7.2.2}{\376\377\0007\000.\0002\000.\0002\000\040\000B\000e\000s\000c\000h\000r\000e\000i\000b\000u\000n\000g\000\040\000d\000e\000r\000\040\000K\000o\000n\000s\000t\000r\000u\000k\000t\000o\000r\000e\000n\000\040\000u\000n\000d\000\040\000D\000e\000s\000t\000r\000u\000k\000t\000o\000r\000e\000n}{section.7.2}% 58
\BOOKMARK [3][-]{subsubsection.7.2.2.1}{\376\377\0007\000.\0002\000.\0002\000.\0001\000\040\000\137\000\137\000i\000n\000i\000t\000\137\000\137\000\050\000\051}{subsection.7.2.2}% 59
\BOOKMARK [2][-]{subsection.7.2.3}{\376\377\0007\000.\0002\000.\0003\000\040\000D\000o\000k\000u\000m\000e\000n\000t\000a\000t\000i\000o\000n\000\040\000d\000e\000r\000\040\000E\000l\000e\000m\000e\000n\000t\000f\000u\000n\000k\000t\000i\000o\000n\000e\000n}{section.7.2}% 60
\BOOKMARK [3][-]{subsubsection.7.2.3.1}{\376\377\0007\000.\0002\000.\0003\000.\0001\000\040\000g\000e\000t\000\137\000l\000o\000c\000a\000l\000\137\000i\000p\000\050\000\051}{subsection.7.2.3}% 61
\BOOKMARK [3][-]{subsubsection.7.2.3.2}{\376\377\0007\000.\0002\000.\0003\000.\0002\000\040\000g\000e\000t\000\137\000p\000e\000e\000r\000s\000\050\000\051}{subsection.7.2.3}% 62
\BOOKMARK [3][-]{subsubsection.7.2.3.3}{\376\377\0007\000.\0002\000.\0003\000.\0003\000\040\000h\000a\000n\000d\000l\000e\000\137\000m\000e\000s\000s\000a\000g\000e\000\050\000\051}{subsection.7.2.3}% 63
\BOOKMARK [3][-]{subsubsection.7.2.3.4}{\376\377\0007\000.\0002\000.\0003\000.\0004\000\040\000l\000i\000s\000t\000e\000n\000\050\000\051}{subsection.7.2.3}% 64
\BOOKMARK [3][-]{subsubsection.7.2.3.5}{\376\377\0007\000.\0002\000.\0003\000.\0005\000\040\000l\000o\000a\000d\000\137\000c\000o\000n\000f\000i\000g\000\050\000\051}{subsection.7.2.3}% 65
\BOOKMARK [3][-]{subsubsection.7.2.3.6}{\376\377\0007\000.\0002\000.\0003\000.\0006\000\040\000s\000e\000n\000d\000\137\000j\000o\000i\000n\000\050\000\051}{subsection.7.2.3}% 66
\BOOKMARK [3][-]{subsubsection.7.2.3.7}{\376\377\0007\000.\0002\000.\0003\000.\0007\000\040\000s\000e\000n\000d\000\137\000l\000e\000a\000v\000e\000\050\000\051}{subsection.7.2.3}% 67
\BOOKMARK [3][-]{subsubsection.7.2.3.8}{\376\377\0007\000.\0002\000.\0003\000.\0008\000\040\000s\000e\000n\000d\000\137\000w\000h\000o\000\050\000\051}{subsection.7.2.3}% 68
\BOOKMARK [3][-]{subsubsection.7.2.3.9}{\376\377\0007\000.\0002\000.\0003\000.\0009\000\040\000s\000t\000a\000r\000t\000\050\000\051}{subsection.7.2.3}% 69
\BOOKMARK [3][-]{subsubsection.7.2.3.10}{\376\377\0007\000.\0002\000.\0003\000.\0001\0000\000\040\000s\000t\000o\000p\000\050\000\051}{subsection.7.2.3}% 70
\BOOKMARK [1][-]{section.7.3}{\376\377\0007\000.\0003\000\040\000i\000n\000t\000e\000r\000f\000a\000c\000e\000.\000I\000n\000t\000e\000r\000f\000a\000c\000e\000\040\000K\000l\000a\000s\000s\000e\000n\000r\000e\000f\000e\000r\000e\000n\000z}{chapter.7}% 71
\BOOKMARK [2][-]{subsection.7.3.1}{\376\377\0007\000.\0003\000.\0001\000\040\000A\000u\000s\000f\000\374\000h\000r\000l\000i\000c\000h\000e\000\040\000B\000e\000s\000c\000h\000r\000e\000i\000b\000u\000n\000g}{section.7.3}% 72
\BOOKMARK [2][-]{subsection.7.3.2}{\376\377\0007\000.\0003\000.\0002\000\040\000B\000e\000s\000c\000h\000r\000e\000i\000b\000u\000n\000g\000\040\000d\000e\000r\000\040\000K\000o\000n\000s\000t\000r\000u\000k\000t\000o\000r\000e\000n\000\040\000u\000n\000d\000\040\000D\000e\000s\000t\000r\000u\000k\000t\000o\000r\000e\000n}{section.7.3}% 73
\BOOKMARK [3][-]{subsubsection.7.3.2.1}{\376\377\0007\000.\0003\000.\0002\000.\0001\000\040\000\137\000\137\000i\000n\000i\000t\000\137\000\137\000\050\000\051}{subsection.7.3.2}% 74
\BOOKMARK [2][-]{subsection.7.3.3}{\376\377\0007\000.\0003\000.\0003\000\040\000D\000o\000k\000u\000m\000e\000n\000t\000a\000t\000i\000o\000n\000\040\000d\000e\000r\000\040\000E\000l\000e\000m\000e\000n\000t\000f\000u\000n\000k\000t\000i\000o\000n\000e\000n}{section.7.3}% 75
\BOOKMARK [3][-]{subsubsection.7.3.3.1}{\376\377\0007\000.\0003\000.\0003\000.\0001\000\040\000d\000i\000s\000p\000l\000a\000y\000\137\000i\000m\000a\000g\000e\000\137\000n\000o\000t\000i\000c\000e\000\050\000\051}{subsection.7.3.3}% 76
\BOOKMARK [3][-]{subsubsection.7.3.3.2}{\376\377\0007\000.\0003\000.\0003\000.\0002\000\040\000d\000i\000s\000p\000l\000a\000y\000\137\000k\000n\000o\000w\000n\000u\000s\000e\000r\000s\000\050\000\051}{subsection.7.3.3}% 77
\BOOKMARK [3][-]{subsubsection.7.3.3.3}{\376\377\0007\000.\0003\000.\0003\000.\0003\000\040\000d\000i\000s\000p\000l\000a\000y\000\137\000m\000e\000s\000s\000a\000g\000e\000\050\000\051}{subsection.7.3.3}% 78
\BOOKMARK [3][-]{subsubsection.7.3.3.4}{\376\377\0007\000.\0003\000.\0003\000.\0004\000\040\000r\000u\000n\000\050\000\051}{subsection.7.3.3}% 79
\BOOKMARK [1][-]{section.7.4}{\376\377\0007\000.\0004\000\040\000n\000e\000t\000w\000o\000r\000k\000.\000m\000e\000s\000s\000e\000n\000g\000e\000r\000.\000M\000e\000s\000s\000e\000n\000g\000e\000r\000\040\000K\000l\000a\000s\000s\000e\000n\000r\000e\000f\000e\000r\000e\000n\000z}{chapter.7}% 80
\BOOKMARK [2][-]{subsection.7.4.1}{\376\377\0007\000.\0004\000.\0001\000\040\000A\000u\000s\000f\000\374\000h\000r\000l\000i\000c\000h\000e\000\040\000B\000e\000s\000c\000h\000r\000e\000i\000b\000u\000n\000g}{section.7.4}% 81
\BOOKMARK [2][-]{subsection.7.4.2}{\376\377\0007\000.\0004\000.\0002\000\040\000B\000e\000s\000c\000h\000r\000e\000i\000b\000u\000n\000g\000\040\000d\000e\000r\000\040\000K\000o\000n\000s\000t\000r\000u\000k\000t\000o\000r\000e\000n\000\040\000u\000n\000d\000\040\000D\000e\000s\000t\000r\000u\000k\000t\000o\000r\000e\000n}{section.7.4}% 82
\BOOKMARK [3][-]{subsubsection.7.4.2.1}{\376\377\0007\000.\0004\000.\0002\000.\0001\000\040\000\137\000\137\000i\000n\000i\000t\000\137\000\137\000\050\000\051}{subsection.7.4.2}% 83
\BOOKMARK [2][-]{subsection.7.4.3}{\376\377\0007\000.\0004\000.\0003\000\040\000D\000o\000k\000u\000m\000e\000n\000t\000a\000t\000i\000o\000n\000\040\000d\000e\000r\000\040\000E\000l\000e\000m\000e\000n\000t\000f\000u\000n\000k\000t\000i\000o\000n\000e\000n}{section.7.4}% 84
\BOOKMARK [3][-]{subsubsection.7.4.3.1}{\376\377\0007\000.\0004\000.\0003\000.\0001\000\040\000c\000o\000n\000n\000e\000c\000t\000i\000o\000n\000\137\000m\000a\000d\000e\000\050\000\051}{subsection.7.4.3}% 85
\BOOKMARK [3][-]{subsubsection.7.4.3.2}{\376\377\0007\000.\0004\000.\0003\000.\0002\000\040\000d\000a\000t\000a\000g\000r\000a\000m\000\137\000r\000e\000c\000e\000i\000v\000e\000d\000\050\000\051}{subsection.7.4.3}% 86
\BOOKMARK [3][-]{subsubsection.7.4.3.3}{\376\377\0007\000.\0004\000.\0003\000.\0003\000\040\000g\000e\000t\000\137\000l\000o\000c\000a\000l\000\137\000i\000p\000\050\000\051}{subsection.7.4.3}% 87
\BOOKMARK [3][-]{subsubsection.7.4.3.4}{\376\377\0007\000.\0004\000.\0003\000.\0004\000\040\000h\000a\000n\000d\000l\000e\000\137\000k\000n\000o\000w\000n\000u\000s\000e\000r\000s\000\137\000r\000e\000s\000p\000o\000n\000s\000e\000\050\000\051}{subsection.7.4.3}% 88
\BOOKMARK [3][-]{subsubsection.7.4.3.5}{\376\377\0007\000.\0004\000.\0003\000.\0005\000\040\000h\000a\000n\000d\000l\000e\000\137\000m\000e\000s\000s\000a\000g\000e\000\050\000\051}{subsection.7.4.3}% 89
\BOOKMARK [3][-]{subsubsection.7.4.3.6}{\376\377\0007\000.\0004\000.\0003\000.\0006\000\040\000h\000a\000n\000d\000l\000e\000\137\000t\000c\000p\000\137\000c\000o\000n\000n\000e\000c\000t\000i\000o\000n\000\050\000\051}{subsection.7.4.3}% 90
\BOOKMARK [3][-]{subsubsection.7.4.3.7}{\376\377\0007\000.\0004\000.\0003\000.\0007\000\040\000r\000e\000c\000e\000i\000v\000e\000\137\000i\000m\000a\000g\000e\000\137\000d\000a\000t\000a\000\050\000\051}{subsection.7.4.3}% 91
\BOOKMARK [3][-]{subsubsection.7.4.3.8}{\376\377\0007\000.\0004\000.\0003\000.\0008\000\040\000s\000e\000n\000d\000\137\000b\000r\000o\000a\000d\000c\000a\000s\000t\000\050\000\051}{subsection.7.4.3}% 92
\BOOKMARK [3][-]{subsubsection.7.4.3.9}{\376\377\0007\000.\0004\000.\0003\000.\0009\000\040\000s\000e\000n\000d\000\137\000i\000m\000a\000g\000e\000\050\000\051}{subsection.7.4.3}% 93
\BOOKMARK [3][-]{subsubsection.7.4.3.10}{\376\377\0007\000.\0004\000.\0003\000.\0001\0000\000\040\000s\000e\000n\000d\000\137\000i\000m\000a\000g\000e\000\137\000d\000a\000t\000a\000\050\000\051}{subsection.7.4.3}% 94
\BOOKMARK [3][-]{subsubsection.7.4.3.11}{\376\377\0007\000.\0004\000.\0003\000.\0001\0001\000\040\000s\000e\000n\000d\000\137\000j\000o\000i\000n\000\050\000\051}{subsection.7.4.3}% 95
\BOOKMARK [3][-]{subsubsection.7.4.3.12}{\376\377\0007\000.\0004\000.\0003\000.\0001\0002\000\040\000s\000e\000n\000d\000\137\000k\000n\000o\000w\000n\000\137\000t\000o\000\050\000\051}{subsection.7.4.3}% 96
\BOOKMARK [3][-]{subsubsection.7.4.3.13}{\376\377\0007\000.\0004\000.\0003\000.\0001\0003\000\040\000s\000e\000n\000d\000\137\000l\000e\000a\000v\000e\000\050\000\051}{subsection.7.4.3}% 97
\BOOKMARK [3][-]{subsubsection.7.4.3.14}{\376\377\0007\000.\0004\000.\0003\000.\0001\0004\000\040\000s\000e\000n\000d\000\137\000m\000e\000s\000s\000a\000g\000e\000\050\000\051}{subsection.7.4.3}% 98
\BOOKMARK [3][-]{subsubsection.7.4.3.15}{\376\377\0007\000.\0004\000.\0003\000.\0001\0005\000\040\000s\000e\000n\000d\000\137\000s\000l\000c\000p\000\050\000\051}{subsection.7.4.3}% 99
\BOOKMARK [3][-]{subsubsection.7.4.3.16}{\376\377\0007\000.\0004\000.\0003\000.\0001\0006\000\040\000s\000e\000n\000d\000\137\000w\000h\000o\000\050\000\051}{subsection.7.4.3}% 100
\BOOKMARK [3][-]{subsubsection.7.4.3.17}{\376\377\0007\000.\0004\000.\0003\000.\0001\0007\000\040\000s\000e\000t\000\137\000i\000m\000a\000g\000e\000\137\000c\000a\000l\000l\000b\000a\000c\000k\000\050\000\051}{subsection.7.4.3}% 101
\BOOKMARK [3][-]{subsubsection.7.4.3.18}{\376\377\0007\000.\0004\000.\0003\000.\0001\0008\000\040\000s\000e\000t\000\137\000k\000n\000o\000w\000n\000u\000s\000e\000r\000s\000\137\000c\000a\000l\000l\000b\000a\000c\000k\000\050\000\051}{subsection.7.4.3}% 102
\BOOKMARK [3][-]{subsubsection.7.4.3.19}{\376\377\0007\000.\0004\000.\0003\000.\0001\0009\000\040\000s\000e\000t\000\137\000m\000e\000s\000s\000a\000g\000e\000\137\000c\000a\000l\000l\000b\000a\000c\000k\000\050\000\051}{subsection.7.4.3}% 103
\BOOKMARK [3][-]{subsubsection.7.4.3.20}{\376\377\0007\000.\0004\000.\0003\000.\0002\0000\000\040\000s\000e\000t\000\137\000p\000r\000o\000g\000r\000e\000s\000s\000\137\000c\000a\000l\000l\000b\000a\000c\000k\000\050\000\051}{subsection.7.4.3}% 104
\BOOKMARK [3][-]{subsubsection.7.4.3.21}{\376\377\0007\000.\0004\000.\0003\000.\0002\0001\000\040\000s\000t\000a\000r\000t\000\137\000l\000i\000s\000t\000e\000n\000e\000r\000\050\000\051}{subsection.7.4.3}% 105
\BOOKMARK [3][-]{subsubsection.7.4.3.22}{\376\377\0007\000.\0004\000.\0003\000.\0002\0002\000\040\000s\000t\000a\000r\000t\000\137\000t\000c\000p\000\137\000s\000e\000r\000v\000e\000r\000\050\000\051}{subsection.7.4.3}% 106
\BOOKMARK [0][-]{chapter.8}{\376\377\0008\000\040\000D\000a\000t\000e\000i\000-\000D\000o\000k\000u\000m\000e\000n\000t\000a\000t\000i\000o\000n}{}% 107
\BOOKMARK [1][-]{section.8.1}{\376\377\0008\000.\0001\000\040\000C\000h\000a\000t\000/\000c\000o\000m\000m\000o\000n\000/\000p\000r\000o\000t\000o\000c\000o\000l\000.\000p\000y\000-\000D\000a\000t\000e\000i\000r\000e\000f\000e\000r\000e\000n\000z}{chapter.8}% 108
\BOOKMARK [2][-]{subsection.8.1.1}{\376\377\0008\000.\0001\000.\0001\000\040\000A\000u\000s\000f\000\374\000h\000r\000l\000i\000c\000h\000e\000\040\000B\000e\000s\000c\000h\000r\000e\000i\000b\000u\000n\000g}{section.8.1}% 109
\BOOKMARK [2][-]{subsection.8.1.2}{\376\377\0008\000.\0001\000.\0002\000\040\000D\000o\000k\000u\000m\000e\000n\000t\000a\000t\000i\000o\000n\000\040\000d\000e\000r\000\040\000F\000u\000n\000k\000t\000i\000o\000n\000e\000n}{section.8.1}% 110
\BOOKMARK [3][-]{subsubsection.8.1.2.1}{\376\377\0008\000.\0001\000.\0002\000.\0001\000\040\000c\000r\000e\000a\000t\000e\000\137\000i\000m\000g\000\050\000\051}{subsection.8.1.2}% 111
\BOOKMARK [3][-]{subsubsection.8.1.2.2}{\376\377\0008\000.\0001\000.\0002\000.\0002\000\040\000c\000r\000e\000a\000t\000e\000\137\000j\000o\000i\000n\000\050\000\051}{subsection.8.1.2}% 112
\BOOKMARK [3][-]{subsubsection.8.1.2.3}{\376\377\0008\000.\0001\000.\0002\000.\0003\000\040\000c\000r\000e\000a\000t\000e\000\137\000k\000n\000o\000w\000n\000u\000s\000e\000r\000s\000\050\000\051}{subsection.8.1.2}% 113
\BOOKMARK [3][-]{subsubsection.8.1.2.4}{\376\377\0008\000.\0001\000.\0002\000.\0004\000\040\000c\000r\000e\000a\000t\000e\000\137\000l\000e\000a\000v\000e\000\050\000\051}{subsection.8.1.2}% 114
\BOOKMARK [3][-]{subsubsection.8.1.2.5}{\376\377\0008\000.\0001\000.\0002\000.\0005\000\040\000c\000r\000e\000a\000t\000e\000\137\000m\000s\000g\000\050\000\051}{subsection.8.1.2}% 115
\BOOKMARK [3][-]{subsubsection.8.1.2.6}{\376\377\0008\000.\0001\000.\0002\000.\0006\000\040\000c\000r\000e\000a\000t\000e\000\137\000w\000h\000o\000\050\000\051}{subsection.8.1.2}% 116
\BOOKMARK [3][-]{subsubsection.8.1.2.7}{\376\377\0008\000.\0001\000.\0002\000.\0007\000\040\000p\000a\000r\000s\000e\000\137\000s\000l\000c\000p\000\050\000\051}{subsection.8.1.2}% 117
